#
# There is insufficient memory for the Java Runtime Environment to continue.
# Native memory allocation (malloc) failed to allocate 480104 bytes for AllocateHeap
# Possible reasons:
#   The system is out of physical RAM or swap space
#   The process is running with CompressedOops enabled, and the Java Heap may be blocking the growth of the native heap
# Possible solutions:
#   Reduce memory load on the system
#   Increase physical memory or swap space
#   Check if swap backing store is full
#   Decrease Java heap size (-Xmx/-Xms)
#   Decrease number of Java threads
#   Decrease Java thread stack sizes (-Xss)
#   Set larger code cache with -XX:ReservedCodeCacheSize=
#   JVM is running with Unscaled Compressed Oops mode in which the Java heap is
#     placed in the first 4GB address space. The Java Heap base address is the
#     maximum limit for the native heap growth. Please use -XX:HeapBaseMinAddress
#     to set the Java Heap base and to place the Java Heap above 4GB virtual address.
# This output file may be truncated or incomplete.
#
#  Out of Memory Error (memory/allocation.inline.hpp:61), pid=7900, tid=0x000000000000345c
#
# JRE version:  (8.0_221-b11) (build )
# Java VM: Java HotSpot(TM) 64-Bit Server VM (25.221-b11 mixed mode windows-amd64 compressed oops)
# Failed to write core dump. Minidumps are not enabled by default on client versions of Windows
#

---------------  T H R E A D  ---------------

Current thread (0x0000000001f51000):  JavaThread "Unknown thread" [_thread_in_vm, id=13404, stack(0x00000000006d0000,0x00000000007d0000)]

Stack: [0x00000000006d0000,0x00000000007d0000]
[error occurred during error reporting (printing stack bounds), id 0xc0000005]

Native frames: (J=compiled Java code, j=interpreted, Vv=VM code, C=native code)


---------------  P R O C E S S  ---------------

Java Threads: ( => current thread )

Other Threads:

=>0x0000000001f51000 (exited) JavaThread "Unknown thread" [_thread_in_vm, id=13404, stack(0x00000000006d0000,0x00000000007d0000)]

VM state:not at safepoint (not fully initialized)

VM Mutex/Monitor currently owned by a thread: None

heap address: 0x00000000c1c00000, size: 996 MB, Compressed Oops mode: 32-bit
Narrow klass base: 0x0000000000000000, Narrow klass shift: 3
Compressed class space size: 1073741824 Address: 0x0000000100000000

GC Heap History (0 events):
No events

Deoptimization events (0 events):
No events

Classes redefined (0 events):
No events

Internal exceptions (0 events):
No events

Events (0 events):
No events


Dynamic libraries:
0x00007ff770740000 - 0x00007ff770777000 	C:\Program Files\Java\jre1.8.0_221\bin\javaw.exe
0x00007ffea7a00000 - 0x00007ffea7baa000 	C:\Windows\SYSTEM32\ntdll.dll
0x00007ffea6fd0000 - 0x00007ffea710a000 	C:\Windows\system32\KERNEL32.DLL
0x00007ffe8edf0000 - 0x00007ffe8ee02000 	C:\Program Files\AVAST Software\Avast\aswhook.dll
0x00007ffea4e40000 - 0x00007ffea4f4f000 	C:\Windows\system32\KERNELBASE.dll
0x00007ffea39a0000 - 0x00007ffea3a28000 	C:\Windows\system32\apphelp.dll
0x00007ffe89f00000 - 0x00007ffe89f4f000 	C:\Windows\AppPatch\AppPatch64\AcGenral.DLL
0x00007ffea6f20000 - 0x00007ffea6fc7000 	C:\Windows\system32\msvcrt.dll
0x00007ffea4bb0000 - 0x00007ffea4bdb000 	C:\Windows\SYSTEM32\SspiCli.dll
0x00007ffea7710000 - 0x00007ffea7761000 	C:\Windows\system32\SHLWAPI.dll
0x00007ffea5790000 - 0x00007ffea5901000 	C:\Windows\system32\USER32.dll
0x00007ffea7780000 - 0x00007ffea78f8000 	C:\Windows\system32\ole32.dll
0x00007ffea5b00000 - 0x00007ffea6f17000 	C:\Windows\system32\SHELL32.dll
0x00007ffea4380000 - 0x00007ffea439e000 	C:\Windows\SYSTEM32\USERENV.dll
0x00007ffea54f0000 - 0x00007ffea5595000 	C:\Windows\system32\ADVAPI32.dll
0x00007ffe903e0000 - 0x00007ffe903fb000 	C:\Windows\SYSTEM32\MPR.dll
0x00007ffea5280000 - 0x00007ffea53b6000 	C:\Windows\system32\RPCRT4.dll
0x00007ffea7110000 - 0x00007ffea7167000 	C:\Windows\SYSTEM32\sechost.dll
0x00007ffea5920000 - 0x00007ffea5af6000 	C:\Windows\SYSTEM32\combase.dll
0x00007ffea75c0000 - 0x00007ffea7705000 	C:\Windows\system32\GDI32.dll
0x00007ffea4d70000 - 0x00007ffea4d84000 	C:\Windows\SYSTEM32\profapi.dll
0x00007ffea3220000 - 0x00007ffea32bf000 	C:\Windows\SYSTEM32\SHCORE.dll
0x00007ffea7370000 - 0x00007ffea73a4000 	C:\Windows\system32\IMM32.DLL
0x00007ffea7230000 - 0x00007ffea7369000 	C:\Windows\system32\MSCTF.dll
0x00007ffea2660000 - 0x00007ffea28ba000 	C:\Windows\WinSxS\amd64_microsoft.windows.common-controls_6595b64144ccf1df_6.0.9600.17031_none_6242a4b3ecbb55a1\COMCTL32.dll
0x000000005af40000 - 0x000000005b012000 	C:\Program Files\Java\jre1.8.0_221\bin\msvcr100.dll
0x000000005b020000 - 0x000000005b8c5000 	C:\Program Files\Java\jre1.8.0_221\bin\server\jvm.dll
0x00007ffe9e6d0000 - 0x00007ffe9e6d9000 	C:\Windows\SYSTEM32\WSOCK32.dll
0x00007ffe841c0000 - 0x00007ffe841df000 	C:\Windows\SYSTEM32\WINMM.dll
0x00007ffe9dc40000 - 0x00007ffe9dc4a000 	C:\Windows\SYSTEM32\VERSION.dll
0x00007ffea55a0000 - 0x00007ffea55a7000 	C:\Windows\system32\PSAPI.DLL
0x00007ffea7900000 - 0x00007ffea7958000 	C:\Windows\system32\WS2_32.dll
0x00007ffe84190000 - 0x00007ffe841ba000 	C:\Windows\SYSTEM32\WINMMBASE.dll
0x00007ffea7770000 - 0x00007ffea7779000 	C:\Windows\system32\NSI.dll
0x00007ffea4f50000 - 0x00007ffea4f9a000 	C:\Windows\SYSTEM32\cfgmgr32.dll
0x00007ffea3c10000 - 0x00007ffea3c36000 	C:\Windows\SYSTEM32\DEVOBJ.dll
0x00007ffea28f0000 - 0x00007ffea28ff000 	C:\Program Files\Java\jre1.8.0_221\bin\verify.dll
0x00007ffe9f6b0000 - 0x00007ffe9f6d9000 	C:\Program Files\Java\jre1.8.0_221\bin\java.dll
0x00007ffe9f950000 - 0x00007ffe9f966000 	C:\Program Files\Java\jre1.8.0_221\bin\zip.dll

VM Arguments:
jvm_args: -Dfile.encoding=Cp1252 
java_command: com.Swingy.Controller.SwingyMain gui
java_class_path (initial): C:\Users\Voiceless Words\eclipse-workspace\Swingy\bin
Launcher Type: SUN_STANDARD

Environment Variables:
PATH=C:/Program Files/Java/jre1.8.0_221/bin/server;C:/Program Files/Java/jre1.8.0_221/bin;C:/Program Files/Java/jre1.8.0_221/lib/amd64;C:\Program Files (x86)\Common Files\Oracle\Java\javapath;c:\Program Files (x86)\Intel\iCLS Client\;c:\Program Files\Intel\iCLS Client\;C:\Windows\system32;C:\Windows;C:\Windows\System32\Wbem;C:\Windows\System32\WindowsPowerShell\v1.0\;C:\Program Files\Intel\Intel(R) Management Engine Components\DAL;C:\Program Files\Intel\Intel(R) Management Engine Components\IPT;C:\Program Files (x86)\Intel\Intel(R) Management Engine Components\DAL;C:\Program Files (x86)\Intel\Intel(R) Management Engine Components\IPT;C:\Program Files\nodejs\;C:\Program Files\Git\cmd;C:\Program Files\Cloud Foundry;C:\Users\Voiceless Words\AppData\Roaming\npm;C:\Users\Voiceless Words\AppData\Local\Programs\Microsoft VS Code\bin;C:\Program Files\nodejs;C:\Users\Voiceless Words\Desktop;
USERNAME=Voiceless Words
OS=Windows_NT
PROCESSOR_IDENTIFIER=Intel64 Family 6 Model 58 Stepping 9, GenuineIntel



---------------  S Y S T E M  ---------------

OS: Windows 8.1 , 64 bit Build 9600 (6.3.9600.17056)

CPU:total 4 (initial active 4) (2 cores per cpu, 2 threads per core) family 6 model 58 stepping 9, cmov, cx8, fxsr, mmx, sse, sse2, sse3, ssse3, sse4.1, sse4.2, popcnt, avx, aes, clmul, erms, ht, tsc, tscinvbit, tscinv

Memory: 4k page, physical 4072968k(992272k free), swap 16655880k(19432k free)

vm_info: Java HotSpot(TM) 64-Bit Server VM (25.221-b11) for windows-amd64 JRE (1.8.0_221-b11), built on Jul  4 2019 04:39:29 by "java_re" with MS VC++ 10.0 (VS2010)

time: Tue Sep 24 02:13:57 2019
timezone: South Africa Standard Time
elapsed time: 0 seconds (0d 0h 0m 0s)

